Copyright 1986-2018 Xilinx, Inc. All Rights Reserved.
-------------------------------------------------------------------------------------------------------------------------------------------------
| Tool Version     : Vivado v.2018.3 (lin64) Build 2405991 Thu Dec  6 23:36:41 MST 2018
| Date             : Thu Apr 11 23:09:02 2019
| Host             : caffe-OptiPlex-5050 running 64-bit Ubuntu 18.04.2 LTS
| Command          : report_power -file RISCV_Top_power_routed.rpt -pb RISCV_Top_power_summary_routed.pb -rpx RISCV_Top_power_routed.rpx
| Design           : RISCV_Top
| Device           : xc7a100tcsg324-1
| Design State     : routed
| Grade            : commercial
| Process          : typical
| Characterization : Production
-------------------------------------------------------------------------------------------------------------------------------------------------

Power Report

Table of Contents
-----------------
1. Summary
1.1 On-Chip Components
1.2 Power Supply Summary
1.3 Confidence Level
2. Settings
2.1 Environment
2.2 Clock Constraints
3. Detailed Reports
3.1 By Hierarchy

1. Summary
----------

+--------------------------+----------------------------------+
| Total On-Chip Power (W)  | 68.139 (Junction temp exceeded!) |
| Design Power Budget (W)  | Unspecified*                     |
| Power Budget Margin (W)  | NA                               |
| Dynamic (W)              | 67.343                           |
| Device Static (W)        | 0.797                            |
| Effective TJA (C/W)      | 4.6                              |
| Max Ambient (C)          | 0.0                              |
| Junction Temperature (C) | 125.0                            |
| Confidence Level         | Low                              |
| Setting File             | ---                              |
| Simulation Activity File | ---                              |
| Design Nets Matched      | NA                               |
+--------------------------+----------------------------------+
* Specify Design Power Budget using, set_operating_conditions -design_power_budget <value in Watts>


1.1 On-Chip Components
----------------------

+----------------+-----------+----------+-----------+-----------------+
| On-Chip        | Power (W) | Used     | Available | Utilization (%) |
+----------------+-----------+----------+-----------+-----------------+
| Slice Logic    |    18.722 |    14279 |       --- |             --- |
|   LUT as Logic |    18.521 |     8287 |     63400 |           13.07 |
|   Register     |     0.097 |     3594 |    126800 |            2.83 |
|   CARRY4       |     0.079 |       43 |     15850 |            0.27 |
|   BUFG         |     0.025 |        4 |        32 |           12.50 |
|   F7/F8 Muxes  |    <0.001 |     1045 |     63400 |            1.65 |
|   Others       |     0.000 |      481 |       --- |             --- |
| Signals        |    28.082 |     9473 |       --- |             --- |
| I/O            |    20.538 |       36 |       210 |           17.14 |
| Static Power   |     0.797 |          |           |                 |
| Total          |    68.139 |          |           |                 |
+----------------+-----------+----------+-----------+-----------------+


1.2 Power Supply Summary
------------------------

+-----------+-------------+-----------+-------------+------------+
| Source    | Voltage (V) | Total (A) | Dynamic (A) | Static (A) |
+-----------+-------------+-----------+-------------+------------+
| Vccint    |       1.000 |    47.399 |      46.836 |      0.563 |
| Vccaux    |       1.800 |     0.844 |       0.751 |      0.093 |
| Vcco33    |       3.300 |     5.808 |       5.804 |      0.004 |
| Vcco25    |       2.500 |     0.000 |       0.000 |      0.000 |
| Vcco18    |       1.800 |     0.000 |       0.000 |      0.000 |
| Vcco15    |       1.500 |     0.000 |       0.000 |      0.000 |
| Vcco135   |       1.350 |     0.000 |       0.000 |      0.000 |
| Vcco12    |       1.200 |     0.000 |       0.000 |      0.000 |
| Vccaux_io |       1.800 |     0.000 |       0.000 |      0.000 |
| Vccbram   |       1.000 |     0.018 |       0.000 |      0.018 |
| MGTAVcc   |       1.000 |     0.000 |       0.000 |      0.000 |
| MGTAVtt   |       1.200 |     0.000 |       0.000 |      0.000 |
| Vccadc    |       1.800 |     0.020 |       0.000 |      0.020 |
+-----------+-------------+-----------+-------------+------------+


1.3 Confidence Level
--------------------

+-----------------------------+------------+--------------------------------------------------------+--------------------------------------------------------------------------------------------------------------------+
| User Input Data             | Confidence | Details                                                | Action                                                                                                             |
+-----------------------------+------------+--------------------------------------------------------+--------------------------------------------------------------------------------------------------------------------+
| Design implementation state | High       | Design is routed                                       |                                                                                                                    |
| Clock nodes activity        | Low        | User specified less than 75% of clocks                 | Provide missing clock activity with a constraint file, simulation results or by editing the "By Clock Domain" view |
| I/O nodes activity          | Low        | More than 75% of inputs are missing user specification | Provide missing input activity with simulation results or by editing the "By Resource Type -> I/Os" view           |
| Internal nodes activity     | Medium     | User specified less than 25% of internal nodes         | Provide missing internal nodes activity with simulation results or by editing the "By Resource Type" views         |
| Device models               | High       | Device models are Production                           |                                                                                                                    |
|                             |            |                                                        |                                                                                                                    |
| Overall confidence level    | Low        |                                                        |                                                                                                                    |
+-----------------------------+------------+--------------------------------------------------------+--------------------------------------------------------------------------------------------------------------------+


2. Settings
-----------

2.1 Environment
---------------

+-----------------------+--------------------------+
| Ambient Temp (C)      | 25.0                     |
| ThetaJA (C/W)         | 4.6                      |
| Airflow (LFM)         | 250                      |
| Heat Sink             | medium (Medium Profile)  |
| ThetaSA (C/W)         | 4.6                      |
| Board Selection       | medium (10"x10")         |
| # of Board Layers     | 12to15 (12 to 15 Layers) |
| Board Temperature (C) | 25.0                     |
+-----------------------+--------------------------+


2.2 Clock Constraints
---------------------

+-------+--------+-----------------+
| Clock | Domain | Constraint (ns) |
+-------+--------+-----------------+


3. Detailed Reports
-------------------

3.1 By Hierarchy
----------------

+------------------------+-----------+
| Name                   | Power (W) |
+------------------------+-----------+
| RISCV_Top              |    67.342 |
|   rv                   |    44.198 |
|     EX_MEM             |    15.732 |
|       genblk1[100].f   |     0.004 |
|       genblk1[101].f   |     0.002 |
|       genblk1[102].f   |     0.004 |
|       genblk1[103].f   |     0.005 |
|       genblk1[105].f   |     0.002 |
|       genblk1[106].f   |     0.002 |
|       genblk1[107].f   |     0.001 |
|       genblk1[108].f   |     0.002 |
|       genblk1[112].f   |     0.001 |
|       genblk1[113].f   |     0.003 |
|       genblk1[117].f   |     0.002 |
|       genblk1[118].f   |     0.002 |
|       genblk1[122].f   |     0.001 |
|       genblk1[123].f   |     0.002 |
|       genblk1[126].f   |     0.002 |
|       genblk1[127].f   |     0.002 |
|       genblk1[130].f   |     0.011 |
|       genblk1[131].f   |     0.007 |
|       genblk1[132].f   |     0.003 |
|       genblk1[133].f   |     0.002 |
|       genblk1[134].f   |     0.005 |
|       genblk1[135].f   |     0.004 |
|       genblk1[137].f   |     0.003 |
|       genblk1[138].f   |     0.003 |
|       genblk1[139].f   |     0.001 |
|       genblk1[140].f   |     0.002 |
|       genblk1[144].f   |     0.001 |
|       genblk1[145].f   |     0.001 |
|       genblk1[149].f   |     0.001 |
|       genblk1[150].f   |     0.001 |
|       genblk1[154].f   |     0.001 |
|       genblk1[155].f   |     0.002 |
|       genblk1[158].f   |     0.001 |
|       genblk1[159].f   |     0.002 |
|       genblk1[164].f   |     0.009 |
|       genblk1[175].f   |     0.002 |
|       genblk1[178].f   |     0.132 |
|       genblk1[179].f   |     0.007 |
|       genblk1[181].f   |     1.792 |
|       genblk1[182].f   |     0.002 |
|       genblk1[183].f   |     0.010 |
|       genblk1[64].f    |     0.961 |
|       genblk1[65].f    |     0.627 |
|       genblk1[66].f    |     5.895 |
|       genblk1[67].f    |     1.455 |
|       genblk1[68].f    |     0.789 |
|       genblk1[69].f    |     0.850 |
|       genblk1[70].f    |     1.790 |
|       genblk1[71].f    |     1.307 |
|       genblk1[98].f    |     0.008 |
|       genblk1[99].f    |     0.004 |
|     EX_rs1_mux         |     0.015 |
|     ID_EX              |     0.217 |
|       genblk1[10].f    |     0.004 |
|       genblk1[11].f    |     0.003 |
|       genblk1[12].f    |     0.004 |
|       genblk1[131].f   |     0.005 |
|       genblk1[132].f   |     0.003 |
|       genblk1[133].f   |     0.001 |
|       genblk1[134].f   |     0.003 |
|       genblk1[135].f   |     0.002 |
|       genblk1[136].f   |     0.002 |
|       genblk1[137].f   |     0.002 |
|       genblk1[138].f   |     0.002 |
|       genblk1[139].f   |     0.001 |
|       genblk1[140].f   |     0.001 |
|       genblk1[16].f    |     0.003 |
|       genblk1[178].f   |     0.002 |
|       genblk1[17].f    |     0.004 |
|       genblk1[181].f   |     0.002 |
|       genblk1[185].f   |     0.004 |
|       genblk1[186].f   |     0.017 |
|       genblk1[187].f   |     0.004 |
|       genblk1[21].f    |     0.002 |
|       genblk1[22].f    |     0.003 |
|       genblk1[26].f    |     0.002 |
|       genblk1[27].f    |     0.003 |
|       genblk1[2].f     |     0.017 |
|       genblk1[30].f    |     0.002 |
|       genblk1[31].f    |     0.002 |
|       genblk1[34].f    |     0.015 |
|       genblk1[35].f    |     0.009 |
|       genblk1[36].f    |     0.003 |
|       genblk1[37].f    |     0.002 |
|       genblk1[38].f    |     0.008 |
|       genblk1[39].f    |     0.005 |
|       genblk1[3].f     |     0.007 |
|       genblk1[41].f    |     0.003 |
|       genblk1[42].f    |     0.004 |
|       genblk1[43].f    |     0.002 |
|       genblk1[44].f    |     0.003 |
|       genblk1[48].f    |     0.002 |
|       genblk1[49].f    |     0.002 |
|       genblk1[4].f     |     0.007 |
|       genblk1[53].f    |     0.003 |
|       genblk1[54].f    |     0.003 |
|       genblk1[58].f    |     0.003 |
|       genblk1[59].f    |     0.002 |
|       genblk1[5].f     |     0.004 |
|       genblk1[62].f    |     0.003 |
|       genblk1[63].f    |     0.002 |
|       genblk1[6].f     |     0.009 |
|       genblk1[7].f     |     0.005 |
|       genblk1[9].f     |     0.002 |
|     IF_ID              |     0.659 |
|       genblk1[10].f    |     0.004 |
|       genblk1[11].f    |     0.003 |
|       genblk1[12].f    |     0.004 |
|       genblk1[16].f    |     0.002 |
|       genblk1[17].f    |     0.003 |
|       genblk1[21].f    |     0.003 |
|       genblk1[22].f    |     0.003 |
|       genblk1[26].f    |     0.002 |
|       genblk1[27].f    |     0.003 |
|       genblk1[2].f     |     0.013 |
|       genblk1[30].f    |     0.002 |
|       genblk1[31].f    |     0.002 |
|       genblk1[34].f    |     0.233 |
|       genblk1[35].f    |     0.118 |
|       genblk1[36].f    |     0.022 |
|       genblk1[37].f    |     0.014 |
|       genblk1[38].f    |     0.015 |
|       genblk1[3].f     |     0.007 |
|       genblk1[47].f    |     0.001 |
|       genblk1[4].f     |     0.007 |
|       genblk1[54].f    |     0.019 |
|       genblk1[55].f    |     0.035 |
|       genblk1[56].f    |     0.004 |
|       genblk1[57].f    |     0.001 |
|       genblk1[59].f    |     0.001 |
|       genblk1[5].f     |     0.005 |
|       genblk1[60].f    |     0.001 |
|       genblk1[61].f    |     0.001 |
|       genblk1[62].f    |     0.001 |
|       genblk1[63].f    |     0.049 |
|       genblk1[66].f    |     0.012 |
|       genblk1[67].f    |     0.008 |
|       genblk1[68].f    |     0.004 |
|       genblk1[69].f    |     0.001 |
|       genblk1[6].f     |     0.009 |
|       genblk1[70].f    |     0.006 |
|       genblk1[71].f    |     0.003 |
|       genblk1[73].f    |     0.002 |
|       genblk1[74].f    |     0.002 |
|       genblk1[75].f    |     0.002 |
|       genblk1[76].f    |     0.002 |
|       genblk1[7].f     |     0.007 |
|       genblk1[80].f    |     0.001 |
|       genblk1[81].f    |     0.002 |
|       genblk1[85].f    |     0.001 |
|       genblk1[86].f    |     0.001 |
|       genblk1[90].f    |     0.001 |
|       genblk1[91].f    |     0.002 |
|       genblk1[94].f    |     0.001 |
|       genblk1[95].f    |     0.001 |
|       genblk1[9].f     |     0.004 |
|     InstMemSrc_data_in |     0.063 |
|     MEM_WB             |     0.110 |
|       genblk1[10].f    |     0.007 |
|       genblk1[21].f    |     0.001 |
|       genblk1[34].f    |     0.021 |
|       genblk1[35].f    |     0.005 |
|       genblk1[37].f    |     0.043 |
|       genblk1[3].f     |     0.016 |
|       genblk1[6].f     |     0.011 |
|     OffsetPCMux        |     0.028 |
|     aluSrcBMux         |     0.018 |
|     branch_r1          |     0.001 |
|     pc                 |     1.204 |
|       genblk1[10].f    |     0.095 |
|       genblk1[11].f    |     0.006 |
|       genblk1[12].f    |     0.011 |
|       genblk1[14].f    |     0.005 |
|       genblk1[15].f    |     0.007 |
|       genblk1[16].f    |     0.005 |
|       genblk1[17].f    |     0.006 |
|       genblk1[19].f    |     0.003 |
|       genblk1[20].f    |     0.008 |
|       genblk1[21].f    |     0.005 |
|       genblk1[22].f    |     0.006 |
|       genblk1[24].f    |     0.006 |
|       genblk1[25].f    |     0.006 |
|       genblk1[26].f    |     0.005 |
|       genblk1[27].f    |     0.006 |
|       genblk1[28].f    |     0.003 |
|       genblk1[29].f    |     0.005 |
|       genblk1[2].f     |     0.258 |
|       genblk1[30].f    |     0.003 |
|       genblk1[31].f    |     0.003 |
|       genblk1[3].f     |     0.072 |
|       genblk1[4].f     |     0.080 |
|       genblk1[5].f     |     0.162 |
|       genblk1[6].f     |     0.037 |
|       genblk1[7].f     |     0.170 |
|       genblk1[8].f     |     0.133 |
|       genblk1[9].f     |     0.099 |
|     pcSrcMux           |     0.090 |
|     regWSrcMux         |     0.057 |
|     regWsrcMux1        |     0.058 |
|     rf                 |     0.018 |
|       genblk1[27].ri   |     0.018 |
|     single_mem         |    25.655 |
|   sd                   |     0.739 |
+------------------------+-----------+


