Copyright 1986-2018 Xilinx, Inc. All Rights Reserved.
-------------------------------------------------------------------------------------------------------------------------------------------------
| Tool Version     : Vivado v.2018.3 (lin64) Build 2405991 Thu Dec  6 23:36:41 MST 2018
| Date             : Fri Apr 12 00:17:14 2019
| Host             : caffe-OptiPlex-5050 running 64-bit Ubuntu 18.04.2 LTS
| Command          : report_power -file RISCV_Top_power_routed.rpt -pb RISCV_Top_power_summary_routed.pb -rpx RISCV_Top_power_routed.rpx
| Design           : RISCV_Top
| Device           : xc7a100tcsg324-1
| Design State     : routed
| Grade            : commercial
| Process          : typical
| Characterization : Production
-------------------------------------------------------------------------------------------------------------------------------------------------

Power Report

Table of Contents
-----------------
1. Summary
1.1 On-Chip Components
1.2 Power Supply Summary
1.3 Confidence Level
2. Settings
2.1 Environment
2.2 Clock Constraints
3. Detailed Reports
3.1 By Hierarchy

1. Summary
----------

+--------------------------+-----------------------------------+
| Total On-Chip Power (W)  | 141.528 (Junction temp exceeded!) |
| Design Power Budget (W)  | Unspecified*                      |
| Power Budget Margin (W)  | NA                                |
| Dynamic (W)              | 140.732                           |
| Device Static (W)        | 0.797                             |
| Effective TJA (C/W)      | 4.6                               |
| Max Ambient (C)          | 0.0                               |
| Junction Temperature (C) | 125.0                             |
| Confidence Level         | Low                               |
| Setting File             | ---                               |
| Simulation Activity File | ---                               |
| Design Nets Matched      | NA                                |
+--------------------------+-----------------------------------+
* Specify Design Power Budget using, set_operating_conditions -design_power_budget <value in Watts>


1.1 On-Chip Components
----------------------

+----------------+-----------+----------+-----------+-----------------+
| On-Chip        | Power (W) | Used     | Available | Utilization (%) |
+----------------+-----------+----------+-----------+-----------------+
| Slice Logic    |    53.507 |    14270 |       --- |             --- |
|   LUT as Logic |    53.280 |     8281 |     63400 |           13.06 |
|   Register     |     0.091 |     3589 |    126800 |            2.83 |
|   CARRY4       |     0.078 |       43 |     15850 |            0.27 |
|   BUFG         |     0.058 |        4 |        32 |           12.50 |
|   F7/F8 Muxes  |    <0.001 |     1045 |     63400 |            1.65 |
|   Others       |     0.000 |      480 |       --- |             --- |
| Signals        |    67.209 |     9462 |       --- |             --- |
| I/O            |    20.015 |       36 |       210 |           17.14 |
| Static Power   |     0.797 |          |           |                 |
| Total          |   141.528 |          |           |                 |
+----------------+-----------+----------+-----------+-----------------+


1.2 Power Supply Summary
------------------------

+-----------+-------------+-----------+-------------+------------+
| Source    | Voltage (V) | Total (A) | Dynamic (A) | Static (A) |
+-----------+-------------+-----------+-------------+------------+
| Vccint    |       1.000 |   121.311 |     120.748 |      0.563 |
| Vccaux    |       1.800 |     0.825 |       0.732 |      0.093 |
| Vcco33    |       3.300 |     5.660 |       5.656 |      0.004 |
| Vcco25    |       2.500 |     0.000 |       0.000 |      0.000 |
| Vcco18    |       1.800 |     0.000 |       0.000 |      0.000 |
| Vcco15    |       1.500 |     0.000 |       0.000 |      0.000 |
| Vcco135   |       1.350 |     0.000 |       0.000 |      0.000 |
| Vcco12    |       1.200 |     0.000 |       0.000 |      0.000 |
| Vccaux_io |       1.800 |     0.000 |       0.000 |      0.000 |
| Vccbram   |       1.000 |     0.018 |       0.000 |      0.018 |
| MGTAVcc   |       1.000 |     0.000 |       0.000 |      0.000 |
| MGTAVtt   |       1.200 |     0.000 |       0.000 |      0.000 |
| Vccadc    |       1.800 |     0.020 |       0.000 |      0.020 |
+-----------+-------------+-----------+-------------+------------+


1.3 Confidence Level
--------------------

+-----------------------------+------------+--------------------------------------------------------+--------------------------------------------------------------------------------------------------------------------+
| User Input Data             | Confidence | Details                                                | Action                                                                                                             |
+-----------------------------+------------+--------------------------------------------------------+--------------------------------------------------------------------------------------------------------------------+
| Design implementation state | High       | Design is routed                                       |                                                                                                                    |
| Clock nodes activity        | Low        | User specified less than 75% of clocks                 | Provide missing clock activity with a constraint file, simulation results or by editing the "By Clock Domain" view |
| I/O nodes activity          | Low        | More than 75% of inputs are missing user specification | Provide missing input activity with simulation results or by editing the "By Resource Type -> I/Os" view           |
| Internal nodes activity     | Medium     | User specified less than 25% of internal nodes         | Provide missing internal nodes activity with simulation results or by editing the "By Resource Type" views         |
| Device models               | High       | Device models are Production                           |                                                                                                                    |
|                             |            |                                                        |                                                                                                                    |
| Overall confidence level    | Low        |                                                        |                                                                                                                    |
+-----------------------------+------------+--------------------------------------------------------+--------------------------------------------------------------------------------------------------------------------+


2. Settings
-----------

2.1 Environment
---------------

+-----------------------+--------------------------+
| Ambient Temp (C)      | 25.0                     |
| ThetaJA (C/W)         | 4.6                      |
| Airflow (LFM)         | 250                      |
| Heat Sink             | medium (Medium Profile)  |
| ThetaSA (C/W)         | 4.6                      |
| Board Selection       | medium (10"x10")         |
| # of Board Layers     | 12to15 (12 to 15 Layers) |
| Board Temperature (C) | 25.0                     |
+-----------------------+--------------------------+


2.2 Clock Constraints
---------------------

+-------+--------+-----------------+
| Clock | Domain | Constraint (ns) |
+-------+--------+-----------------+


3. Detailed Reports
-------------------

3.1 By Hierarchy
----------------

+----------------------+-----------+
| Name                 | Power (W) |
+----------------------+-----------+
| RISCV_Top            |   140.732 |
|   rv                 |   118.020 |
|     EX_MEM           |    43.311 |
|       genblk1[100].f |     0.008 |
|       genblk1[101].f |     0.002 |
|       genblk1[102].f |     0.004 |
|       genblk1[103].f |     0.003 |
|       genblk1[105].f |     0.002 |
|       genblk1[106].f |     0.002 |
|       genblk1[107].f |     0.002 |
|       genblk1[108].f |     0.001 |
|       genblk1[112].f |     0.001 |
|       genblk1[113].f |     0.001 |
|       genblk1[117].f |     0.002 |
|       genblk1[118].f |     0.001 |
|       genblk1[122].f |     0.001 |
|       genblk1[123].f |     0.001 |
|       genblk1[126].f |     0.001 |
|       genblk1[127].f |     0.002 |
|       genblk1[130].f |     0.007 |
|       genblk1[131].f |     0.004 |
|       genblk1[132].f |     0.003 |
|       genblk1[134].f |     0.005 |
|       genblk1[135].f |     0.004 |
|       genblk1[137].f |     0.002 |
|       genblk1[138].f |     0.002 |
|       genblk1[139].f |     0.001 |
|       genblk1[140].f |     0.002 |
|       genblk1[144].f |     0.001 |
|       genblk1[145].f |     0.001 |
|       genblk1[149].f |     0.001 |
|       genblk1[150].f |     0.002 |
|       genblk1[154].f |     0.002 |
|       genblk1[155].f |     0.002 |
|       genblk1[158].f |     0.001 |
|       genblk1[159].f |     0.001 |
|       genblk1[178].f |     0.095 |
|       genblk1[179].f |     0.047 |
|       genblk1[180].f |     0.010 |
|       genblk1[181].f |     9.622 |
|       genblk1[182].f |     0.010 |
|       genblk1[183].f |     0.003 |
|       genblk1[64].f  |     6.328 |
|       genblk1[65].f  |     4.069 |
|       genblk1[66].f  |     8.676 |
|       genblk1[67].f  |     2.886 |
|       genblk1[68].f  |     2.156 |
|       genblk1[69].f  |     3.073 |
|       genblk1[70].f  |     3.477 |
|       genblk1[71].f  |     2.765 |
|       genblk1[98].f  |     0.012 |
|       genblk1[99].f  |     0.005 |
|     ID_EX            |     0.229 |
|       genblk1[10].f  |     0.003 |
|       genblk1[11].f  |     0.004 |
|       genblk1[12].f  |     0.002 |
|       genblk1[131].f |     0.011 |
|       genblk1[132].f |     0.004 |
|       genblk1[133].f |     0.010 |
|       genblk1[134].f |     0.003 |
|       genblk1[135].f |     0.003 |
|       genblk1[136].f |     0.003 |
|       genblk1[137].f |     0.004 |
|       genblk1[138].f |     0.010 |
|       genblk1[139].f |     0.010 |
|       genblk1[140].f |     0.010 |
|       genblk1[16].f  |     0.004 |
|       genblk1[17].f  |     0.002 |
|       genblk1[185].f |     0.005 |
|       genblk1[21].f  |     0.002 |
|       genblk1[22].f  |     0.002 |
|       genblk1[26].f  |     0.002 |
|       genblk1[27].f  |     0.003 |
|       genblk1[2].f   |     0.016 |
|       genblk1[30].f  |     0.002 |
|       genblk1[31].f  |     0.003 |
|       genblk1[34].f  |     0.014 |
|       genblk1[35].f  |     0.008 |
|       genblk1[36].f  |     0.003 |
|       genblk1[37].f  |     0.002 |
|       genblk1[38].f  |     0.007 |
|       genblk1[39].f  |     0.006 |
|       genblk1[3].f   |     0.008 |
|       genblk1[41].f  |     0.005 |
|       genblk1[42].f  |     0.004 |
|       genblk1[43].f  |     0.002 |
|       genblk1[44].f  |     0.002 |
|       genblk1[48].f  |     0.003 |
|       genblk1[49].f  |     0.003 |
|       genblk1[4].f   |     0.008 |
|       genblk1[53].f  |     0.002 |
|       genblk1[54].f  |     0.003 |
|       genblk1[58].f  |     0.002 |
|       genblk1[59].f  |     0.002 |
|       genblk1[5].f   |     0.004 |
|       genblk1[62].f  |     0.002 |
|       genblk1[63].f  |     0.002 |
|       genblk1[6].f   |     0.007 |
|       genblk1[7].f   |     0.004 |
|       genblk1[9].f   |     0.004 |
|     IF_ID            |     0.549 |
|       genblk1[10].f  |     0.003 |
|       genblk1[11].f  |     0.003 |
|       genblk1[12].f  |     0.003 |
|       genblk1[16].f  |     0.003 |
|       genblk1[17].f  |     0.004 |
|       genblk1[21].f  |     0.004 |
|       genblk1[22].f  |     0.002 |
|       genblk1[26].f  |     0.002 |
|       genblk1[27].f  |     0.002 |
|       genblk1[2].f   |     0.018 |
|       genblk1[30].f  |     0.003 |
|       genblk1[31].f  |     0.003 |
|       genblk1[34].f  |     0.205 |
|       genblk1[35].f  |     0.086 |
|       genblk1[36].f  |     0.014 |
|       genblk1[37].f  |     0.005 |
|       genblk1[3].f   |     0.004 |
|       genblk1[4].f   |     0.010 |
|       genblk1[54].f  |     0.010 |
|       genblk1[55].f  |     0.034 |
|       genblk1[56].f  |     0.003 |
|       genblk1[5].f   |     0.004 |
|       genblk1[63].f  |     0.045 |
|       genblk1[66].f  |     0.013 |
|       genblk1[67].f  |     0.012 |
|       genblk1[68].f  |     0.004 |
|       genblk1[69].f  |     0.001 |
|       genblk1[6].f   |     0.007 |
|       genblk1[70].f  |     0.005 |
|       genblk1[71].f  |     0.003 |
|       genblk1[73].f  |     0.002 |
|       genblk1[74].f  |     0.002 |
|       genblk1[75].f  |     0.002 |
|       genblk1[76].f  |     0.001 |
|       genblk1[7].f   |     0.007 |
|       genblk1[80].f  |     0.001 |
|       genblk1[81].f  |     0.003 |
|       genblk1[85].f  |     0.003 |
|       genblk1[86].f  |     0.001 |
|       genblk1[90].f  |     0.001 |
|       genblk1[91].f  |     0.002 |
|       genblk1[94].f  |     0.002 |
|       genblk1[95].f  |     0.002 |
|       genblk1[9].f   |     0.004 |
|     OffsetPCMux      |     0.016 |
|     pc               |     1.068 |
|       genblk1[10].f  |     0.092 |
|       genblk1[11].f  |     0.005 |
|       genblk1[12].f  |     0.009 |
|       genblk1[14].f  |     0.006 |
|       genblk1[15].f  |     0.005 |
|       genblk1[16].f  |     0.006 |
|       genblk1[17].f  |     0.006 |
|       genblk1[19].f  |     0.006 |
|       genblk1[20].f  |     0.004 |
|       genblk1[21].f  |     0.005 |
|       genblk1[22].f  |     0.008 |
|       genblk1[24].f  |     0.004 |
|       genblk1[25].f  |     0.005 |
|       genblk1[26].f  |     0.005 |
|       genblk1[27].f  |     0.006 |
|       genblk1[28].f  |     0.004 |
|       genblk1[29].f  |     0.004 |
|       genblk1[2].f   |     0.186 |
|       genblk1[30].f  |     0.004 |
|       genblk1[31].f  |     0.003 |
|       genblk1[3].f   |     0.080 |
|       genblk1[4].f   |     0.078 |
|       genblk1[5].f   |     0.154 |
|       genblk1[6].f   |     0.025 |
|       genblk1[7].f   |     0.141 |
|       genblk1[8].f   |     0.119 |
|       genblk1[9].f   |     0.096 |
|     pcSrcMux         |     0.081 |
|     regWsrcMux1      |     0.172 |
|     rf               |     0.013 |
|       genblk1[27].ri |     0.013 |
|     single_mem       |    71.796 |
|   sd                 |     0.770 |
+----------------------+-----------+


