Copyright 1986-2018 Xilinx, Inc. All Rights Reserved.
-------------------------------------------------------------------------------------------------------------------------------------------------
| Tool Version     : Vivado v.2018.3 (lin64) Build 2405991 Thu Dec  6 23:36:41 MST 2018
| Date             : Wed Apr 17 16:26:06 2019
| Host             : caffe-OptiPlex-5050 running 64-bit Ubuntu 18.04.2 LTS
| Command          : report_power -file RISCV_Top_power_routed.rpt -pb RISCV_Top_power_summary_routed.pb -rpx RISCV_Top_power_routed.rpx
| Design           : RISCV_Top
| Device           : xc7a100tcsg324-1
| Design State     : routed
| Grade            : commercial
| Process          : typical
| Characterization : Production
-------------------------------------------------------------------------------------------------------------------------------------------------

Power Report

Table of Contents
-----------------
1. Summary
1.1 On-Chip Components
1.2 Power Supply Summary
1.3 Confidence Level
2. Settings
2.1 Environment
2.2 Clock Constraints
3. Detailed Reports
3.1 By Hierarchy

1. Summary
----------

+--------------------------+----------------------------------+
| Total On-Chip Power (W)  | 44.333 (Junction temp exceeded!) |
| Design Power Budget (W)  | Unspecified*                     |
| Power Budget Margin (W)  | NA                               |
| Dynamic (W)              | 43.535                           |
| Device Static (W)        | 0.798                            |
| Effective TJA (C/W)      | 4.6                              |
| Max Ambient (C)          | 0.0                              |
| Junction Temperature (C) | 125.0                            |
| Confidence Level         | Low                              |
| Setting File             | ---                              |
| Simulation Activity File | ---                              |
| Design Nets Matched      | NA                               |
+--------------------------+----------------------------------+
* Specify Design Power Budget using, set_operating_conditions -design_power_budget <value in Watts>


1.1 On-Chip Components
----------------------

+----------------+-----------+----------+-----------+-----------------+
| On-Chip        | Power (W) | Used     | Available | Utilization (%) |
+----------------+-----------+----------+-----------+-----------------+
| Slice Logic    |     7.741 |     4000 |       --- |             --- |
|   LUT as Logic |     7.524 |     1826 |     63400 |            2.88 |
|   CARRY4       |     0.104 |       43 |     15850 |            0.27 |
|   Register     |     0.097 |     1535 |    126800 |            1.21 |
|   BUFG         |     0.012 |        2 |        32 |            6.25 |
|   F7/F8 Muxes  |     0.004 |      257 |     63400 |            0.41 |
|   Others       |     0.000 |      183 |       --- |             --- |
| Signals        |    11.599 |     3146 |       --- |             --- |
| Block RAM      |     0.259 |      1.5 |       135 |            1.11 |
| I/O            |    23.936 |       36 |       210 |           17.14 |
| Static Power   |     0.798 |          |           |                 |
| Total          |    44.333 |          |           |                 |
+----------------+-----------+----------+-----------+-----------------+


1.2 Power Supply Summary
------------------------

+-----------+-------------+-----------+-------------+------------+
| Source    | Voltage (V) | Total (A) | Dynamic (A) | Static (A) |
+-----------+-------------+-----------+-------------+------------+
| Vccint    |       1.000 |    20.176 |      19.612 |      0.563 |
| Vccaux    |       1.800 |     0.969 |       0.876 |      0.093 |
| Vcco33    |       3.300 |     6.770 |       6.766 |      0.004 |
| Vcco25    |       2.500 |     0.000 |       0.000 |      0.000 |
| Vcco18    |       1.800 |     0.000 |       0.000 |      0.000 |
| Vcco15    |       1.500 |     0.000 |       0.000 |      0.000 |
| Vcco135   |       1.350 |     0.000 |       0.000 |      0.000 |
| Vcco12    |       1.200 |     0.000 |       0.000 |      0.000 |
| Vccaux_io |       1.800 |     0.000 |       0.000 |      0.000 |
| Vccbram   |       1.000 |     0.037 |       0.019 |      0.018 |
| MGTAVcc   |       1.000 |     0.000 |       0.000 |      0.000 |
| MGTAVtt   |       1.200 |     0.000 |       0.000 |      0.000 |
| Vccadc    |       1.800 |     0.020 |       0.000 |      0.020 |
+-----------+-------------+-----------+-------------+------------+


1.3 Confidence Level
--------------------

+-----------------------------+------------+--------------------------------------------------------+--------------------------------------------------------------------------------------------------------------------+
| User Input Data             | Confidence | Details                                                | Action                                                                                                             |
+-----------------------------+------------+--------------------------------------------------------+--------------------------------------------------------------------------------------------------------------------+
| Design implementation state | High       | Design is routed                                       |                                                                                                                    |
| Clock nodes activity        | Low        | User specified less than 75% of clocks                 | Provide missing clock activity with a constraint file, simulation results or by editing the "By Clock Domain" view |
| I/O nodes activity          | Low        | More than 75% of inputs are missing user specification | Provide missing input activity with simulation results or by editing the "By Resource Type -> I/Os" view           |
| Internal nodes activity     | Medium     | User specified less than 25% of internal nodes         | Provide missing internal nodes activity with simulation results or by editing the "By Resource Type" views         |
| Device models               | High       | Device models are Production                           |                                                                                                                    |
|                             |            |                                                        |                                                                                                                    |
| Overall confidence level    | Low        |                                                        |                                                                                                                    |
+-----------------------------+------------+--------------------------------------------------------+--------------------------------------------------------------------------------------------------------------------+


2. Settings
-----------

2.1 Environment
---------------

+-----------------------+--------------------------+
| Ambient Temp (C)      | 25.0                     |
| ThetaJA (C/W)         | 4.6                      |
| Airflow (LFM)         | 250                      |
| Heat Sink             | medium (Medium Profile)  |
| ThetaSA (C/W)         | 4.6                      |
| Board Selection       | medium (10"x10")         |
| # of Board Layers     | 12to15 (12 to 15 Layers) |
| Board Temperature (C) | 25.0                     |
+-----------------------+--------------------------+


2.2 Clock Constraints
---------------------

+-------+--------+-----------------+
| Clock | Domain | Constraint (ns) |
+-------+--------+-----------------+


3. Detailed Reports
-------------------

3.1 By Hierarchy
----------------

+----------------------+-----------+
| Name                 | Power (W) |
+----------------------+-----------+
| RISCV_Top            |    43.535 |
|   rv                 |    16.639 |
|     EX_MEM           |     2.113 |
|       genblk1[0].f   |     0.009 |
|       genblk1[100].f |     0.004 |
|       genblk1[101].f |     0.003 |
|       genblk1[102].f |     0.002 |
|       genblk1[103].f |     0.002 |
|       genblk1[104].f |     0.002 |
|       genblk1[105].f |     0.001 |
|       genblk1[106].f |     0.001 |
|       genblk1[107].f |     0.001 |
|       genblk1[129].f |     0.012 |
|       genblk1[130].f |     0.004 |
|       genblk1[131].f |     0.003 |
|       genblk1[132].f |     0.005 |
|       genblk1[133].f |     0.004 |
|       genblk1[134].f |     0.003 |
|       genblk1[135].f |     0.003 |
|       genblk1[136].f |     0.003 |
|       genblk1[137].f |     0.002 |
|       genblk1[138].f |     0.002 |
|       genblk1[139].f |     0.003 |
|       genblk1[163].f |     0.064 |
|       genblk1[164].f |     0.179 |
|       genblk1[178].f |     0.002 |
|       genblk1[179].f |     1.322 |
|       genblk1[180].f |     0.010 |
|       genblk1[181].f |     0.093 |
|       genblk1[182].f |     0.003 |
|       genblk1[1].f   |     0.004 |
|       genblk1[2].f   |     0.004 |
|       genblk1[3].f   |     0.010 |
|       genblk1[4].f   |     0.002 |
|       genblk1[5].f   |     0.002 |
|       genblk1[64].f  |     0.124 |
|       genblk1[65].f  |     0.109 |
|       genblk1[66].f  |     0.035 |
|       genblk1[68].f  |     0.045 |
|       genblk1[6].f   |     0.003 |
|       genblk1[7].f   |     0.010 |
|       genblk1[97].f  |     0.004 |
|       genblk1[98].f  |     0.005 |
|       genblk1[99].f  |     0.003 |
|     EX_rs1_mux       |     0.169 |
|     ID_EX            |     0.542 |
|       genblk1[10].f  |     0.004 |
|       genblk1[11].f  |     0.002 |
|       genblk1[128].f |     0.014 |
|       genblk1[129].f |     0.017 |
|       genblk1[130].f |     0.022 |
|       genblk1[131].f |     0.012 |
|       genblk1[132].f |     0.012 |
|       genblk1[133].f |     0.002 |
|       genblk1[134].f |     0.005 |
|       genblk1[135].f |     0.002 |
|       genblk1[136].f |     0.002 |
|       genblk1[137].f |     0.005 |
|       genblk1[138].f |     0.005 |
|       genblk1[139].f |     0.002 |
|       genblk1[140].f |     0.002 |
|       genblk1[141].f |     0.001 |
|       genblk1[142].f |     0.001 |
|       genblk1[143].f |     0.005 |
|       genblk1[144].f |     0.001 |
|       genblk1[145].f |     0.004 |
|       genblk1[146].f |     0.004 |
|       genblk1[147].f |     0.004 |
|       genblk1[148].f |     0.001 |
|       genblk1[149].f |     0.004 |
|       genblk1[150].f |     0.001 |
|       genblk1[151].f |     0.001 |
|       genblk1[152].f |     0.004 |
|       genblk1[153].f |     0.004 |
|       genblk1[154].f |     0.004 |
|       genblk1[155].f |     0.004 |
|       genblk1[156].f |     0.001 |
|       genblk1[157].f |     0.004 |
|       genblk1[158].f |     0.001 |
|       genblk1[159].f |     0.001 |
|       genblk1[184].f |     0.027 |
|       genblk1[185].f |     0.010 |
|       genblk1[187].f |     0.231 |
|       genblk1[1].f   |     0.007 |
|       genblk1[2].f   |     0.006 |
|       genblk1[30].f  |     0.002 |
|       genblk1[31].f  |     0.001 |
|       genblk1[33].f  |     0.016 |
|       genblk1[34].f  |     0.011 |
|       genblk1[35].f  |     0.005 |
|       genblk1[36].f  |     0.005 |
|       genblk1[37].f  |     0.005 |
|       genblk1[38].f  |     0.004 |
|       genblk1[39].f  |     0.003 |
|       genblk1[3].f   |     0.008 |
|       genblk1[40].f  |     0.003 |
|       genblk1[41].f  |     0.003 |
|       genblk1[42].f  |     0.003 |
|       genblk1[43].f  |     0.003 |
|       genblk1[4].f   |     0.006 |
|       genblk1[5].f   |     0.007 |
|       genblk1[62].f  |     0.001 |
|       genblk1[63].f  |     0.002 |
|       genblk1[6].f   |     0.005 |
|       genblk1[7].f   |     0.002 |
|       genblk1[8].f   |     0.003 |
|       genblk1[9].f   |     0.003 |
|     IF_ID            |     0.692 |
|       genblk1[10].f  |     0.002 |
|       genblk1[11].f  |     0.003 |
|       genblk1[1].f   |     0.007 |
|       genblk1[2].f   |     0.006 |
|       genblk1[30].f  |     0.001 |
|       genblk1[31].f  |     0.001 |
|       genblk1[32].f  |     0.017 |
|       genblk1[33].f  |     0.014 |
|       genblk1[34].f  |     0.071 |
|       genblk1[36].f  |     0.151 |
|       genblk1[37].f  |     0.002 |
|       genblk1[38].f  |     0.125 |
|       genblk1[3].f   |     0.003 |
|       genblk1[44].f  |     0.002 |
|       genblk1[45].f  |     0.009 |
|       genblk1[4].f   |     0.006 |
|       genblk1[52].f  |     0.004 |
|       genblk1[53].f  |     0.035 |
|       genblk1[54].f  |     0.048 |
|       genblk1[55].f  |     0.052 |
|       genblk1[56].f  |     0.055 |
|       genblk1[5].f   |     0.005 |
|       genblk1[62].f  |     0.002 |
|       genblk1[63].f  |     0.012 |
|       genblk1[65].f  |     0.015 |
|       genblk1[66].f  |     0.006 |
|       genblk1[67].f  |     0.002 |
|       genblk1[68].f  |     0.002 |
|       genblk1[69].f  |     0.003 |
|       genblk1[6].f   |     0.007 |
|       genblk1[70].f  |     0.001 |
|       genblk1[71].f  |     0.001 |
|       genblk1[74].f  |     0.001 |
|       genblk1[76].f  |     0.001 |
|       genblk1[7].f   |     0.002 |
|       genblk1[8].f   |     0.003 |
|       genblk1[9].f   |     0.003 |
|     MEM_WB           |     4.224 |
|       genblk1[0].f   |     0.139 |
|       genblk1[10].f  |     0.305 |
|       genblk1[11].f  |     0.136 |
|       genblk1[12].f  |     0.137 |
|       genblk1[13].f  |     0.121 |
|       genblk1[14].f  |     0.130 |
|       genblk1[15].f  |     0.134 |
|       genblk1[16].f  |     0.103 |
|       genblk1[17].f  |     0.100 |
|       genblk1[18].f  |     0.108 |
|       genblk1[19].f  |     0.109 |
|       genblk1[1].f   |     0.157 |
|       genblk1[20].f  |     0.105 |
|       genblk1[21].f  |     0.103 |
|       genblk1[22].f  |     0.100 |
|       genblk1[23].f  |     0.101 |
|       genblk1[24].f  |     0.098 |
|       genblk1[25].f  |     0.106 |
|       genblk1[26].f  |     0.096 |
|       genblk1[27].f  |     0.111 |
|       genblk1[28].f  |     0.101 |
|       genblk1[29].f  |     0.097 |
|       genblk1[2].f   |     0.159 |
|       genblk1[30].f  |     0.105 |
|       genblk1[31].f  |     0.106 |
|       genblk1[32].f  |     0.005 |
|       genblk1[33].f  |     0.001 |
|       genblk1[37].f  |     0.004 |
|       genblk1[3].f   |     0.152 |
|       genblk1[4].f   |     0.140 |
|       genblk1[5].f   |     0.209 |
|       genblk1[6].f   |     0.172 |
|       genblk1[7].f   |     0.162 |
|       genblk1[8].f   |     0.150 |
|       genblk1[9].f   |     0.162 |
|     OffsetPCMux      |     0.084 |
|     aluSrcBMux       |     0.074 |
|     branch_r1        |     0.088 |
|     branch_r2        |     0.066 |
|     ext              |     0.046 |
|     pc               |     0.873 |
|       genblk1[10].f  |     0.008 |
|       genblk1[11].f  |     0.008 |
|       genblk1[12].f  |     0.007 |
|       genblk1[13].f  |     0.001 |
|       genblk1[14].f  |     0.084 |
|       genblk1[1].f   |     0.233 |
|       genblk1[26].f  |     0.004 |
|       genblk1[2].f   |     0.167 |
|       genblk1[30].f  |     0.001 |
|       genblk1[31].f  |     0.001 |
|       genblk1[3].f   |     0.101 |
|       genblk1[4].f   |     0.082 |
|       genblk1[5].f   |     0.052 |
|       genblk1[6].f   |     0.053 |
|       genblk1[7].f   |     0.045 |
|       genblk1[8].f   |     0.009 |
|       genblk1[9].f   |     0.015 |
|     pcSrcMux         |     0.071 |
|     regWsrcMux1      |     1.010 |
|     rf               |     0.121 |
|       genblk1[11].ri |     0.021 |
|       genblk1[12].ri |     0.006 |
|       genblk1[16].ri |     0.001 |
|       genblk1[19].ri |     0.002 |
|       genblk1[1].ri  |     0.001 |
|       genblk1[20].ri |     0.002 |
|       genblk1[27].ri |     0.066 |
|       genblk1[28].ri |     0.002 |
|       genblk1[3].ri  |     0.001 |
|       genblk1[4].ri  |     0.012 |
|       genblk1[8].ri  |     0.003 |
|     shamtMux         |     0.011 |
|     single_mem_bram  |     5.861 |
|       mymem          |     5.861 |
|   sd                 |     2.679 |
+----------------------+-----------+


