Copyright 1986-2018 Xilinx, Inc. All Rights Reserved.
-------------------------------------------------------------------------------------------------------------------------------------------------
| Tool Version     : Vivado v.2018.3 (lin64) Build 2405991 Thu Dec  6 23:36:41 MST 2018
| Date             : Wed Apr 10 12:58:42 2019
| Host             : caffe-OptiPlex-5050 running 64-bit Ubuntu 18.04.2 LTS
| Command          : report_power -file RISCV_Top_power_routed.rpt -pb RISCV_Top_power_summary_routed.pb -rpx RISCV_Top_power_routed.rpx
| Design           : RISCV_Top
| Device           : xc7a100tcsg324-1
| Design State     : routed
| Grade            : commercial
| Process          : typical
| Characterization : Production
-------------------------------------------------------------------------------------------------------------------------------------------------

Power Report

Table of Contents
-----------------
1. Summary
1.1 On-Chip Components
1.2 Power Supply Summary
1.3 Confidence Level
2. Settings
2.1 Environment
2.2 Clock Constraints
3. Detailed Reports
3.1 By Hierarchy

1. Summary
----------

+--------------------------+----------------------------------+
| Total On-Chip Power (W)  | 39.731 (Junction temp exceeded!) |
| Design Power Budget (W)  | Unspecified*                     |
| Power Budget Margin (W)  | NA                               |
| Dynamic (W)              | 38.935                           |
| Device Static (W)        | 0.797                            |
| Effective TJA (C/W)      | 4.6                              |
| Max Ambient (C)          | 0.0                              |
| Junction Temperature (C) | 125.0                            |
| Confidence Level         | Low                              |
| Setting File             | ---                              |
| Simulation Activity File | ---                              |
| Design Nets Matched      | NA                               |
+--------------------------+----------------------------------+
* Specify Design Power Budget using, set_operating_conditions -design_power_budget <value in Watts>


1.1 On-Chip Components
----------------------

+----------------+-----------+----------+-----------+-----------------+
| On-Chip        | Power (W) | Used     | Available | Utilization (%) |
+----------------+-----------+----------+-----------+-----------------+
| Slice Logic    |     7.739 |    13808 |       --- |             --- |
|   LUT as Logic |     7.491 |     7960 |     63400 |           12.56 |
|   Register     |     0.142 |     3652 |    126800 |            2.88 |
|   CARRY4       |     0.081 |       43 |     15850 |            0.27 |
|   BUFG         |     0.020 |        3 |        32 |            9.38 |
|   F7/F8 Muxes  |     0.005 |      931 |     63400 |            1.47 |
|   Others       |     0.000 |      460 |       --- |             --- |
| Signals        |     8.691 |     9347 |       --- |             --- |
| I/O            |    22.505 |       36 |       210 |           17.14 |
| Static Power   |     0.797 |          |           |                 |
| Total          |    39.731 |          |           |                 |
+----------------+-----------+----------+-----------+-----------------+


1.2 Power Supply Summary
------------------------

+-----------+-------------+-----------+-------------+------------+
| Source    | Voltage (V) | Total (A) | Dynamic (A) | Static (A) |
+-----------+-------------+-----------+-------------+------------+
| Vccint    |       1.000 |    17.025 |      16.462 |      0.563 |
| Vccaux    |       1.800 |     0.916 |       0.823 |      0.093 |
| Vcco33    |       3.300 |     6.365 |       6.361 |      0.004 |
| Vcco25    |       2.500 |     0.000 |       0.000 |      0.000 |
| Vcco18    |       1.800 |     0.000 |       0.000 |      0.000 |
| Vcco15    |       1.500 |     0.000 |       0.000 |      0.000 |
| Vcco135   |       1.350 |     0.000 |       0.000 |      0.000 |
| Vcco12    |       1.200 |     0.000 |       0.000 |      0.000 |
| Vccaux_io |       1.800 |     0.000 |       0.000 |      0.000 |
| Vccbram   |       1.000 |     0.018 |       0.000 |      0.018 |
| MGTAVcc   |       1.000 |     0.000 |       0.000 |      0.000 |
| MGTAVtt   |       1.200 |     0.000 |       0.000 |      0.000 |
| Vccadc    |       1.800 |     0.020 |       0.000 |      0.020 |
+-----------+-------------+-----------+-------------+------------+


1.3 Confidence Level
--------------------

+-----------------------------+------------+--------------------------------------------------------+--------------------------------------------------------------------------------------------------------------------+
| User Input Data             | Confidence | Details                                                | Action                                                                                                             |
+-----------------------------+------------+--------------------------------------------------------+--------------------------------------------------------------------------------------------------------------------+
| Design implementation state | High       | Design is routed                                       |                                                                                                                    |
| Clock nodes activity        | Low        | User specified less than 75% of clocks                 | Provide missing clock activity with a constraint file, simulation results or by editing the "By Clock Domain" view |
| I/O nodes activity          | Low        | More than 75% of inputs are missing user specification | Provide missing input activity with simulation results or by editing the "By Resource Type -> I/Os" view           |
| Internal nodes activity     | Medium     | User specified less than 25% of internal nodes         | Provide missing internal nodes activity with simulation results or by editing the "By Resource Type" views         |
| Device models               | High       | Device models are Production                           |                                                                                                                    |
|                             |            |                                                        |                                                                                                                    |
| Overall confidence level    | Low        |                                                        |                                                                                                                    |
+-----------------------------+------------+--------------------------------------------------------+--------------------------------------------------------------------------------------------------------------------+


2. Settings
-----------

2.1 Environment
---------------

+-----------------------+--------------------------+
| Ambient Temp (C)      | 25.0                     |
| ThetaJA (C/W)         | 4.6                      |
| Airflow (LFM)         | 250                      |
| Heat Sink             | medium (Medium Profile)  |
| ThetaSA (C/W)         | 4.6                      |
| Board Selection       | medium (10"x10")         |
| # of Board Layers     | 12to15 (12 to 15 Layers) |
| Board Temperature (C) | 25.0                     |
+-----------------------+--------------------------+


2.2 Clock Constraints
---------------------

+-------+--------+-----------------+
| Clock | Domain | Constraint (ns) |
+-------+--------+-----------------+


3. Detailed Reports
-------------------

3.1 By Hierarchy
----------------

+----------------------+-----------+
| Name                 | Power (W) |
+----------------------+-----------+
| RISCV_Top            |    38.935 |
|   rv                 |    13.812 |
|     EX_MEM           |     3.467 |
|       genblk1[0].f   |     0.001 |
|       genblk1[100].f |     0.004 |
|       genblk1[101].f |     0.001 |
|       genblk1[102].f |     0.004 |
|       genblk1[103].f |     0.003 |
|       genblk1[104].f |     0.005 |
|       genblk1[105].f |     0.002 |
|       genblk1[106].f |     0.002 |
|       genblk1[107].f |     0.001 |
|       genblk1[108].f |     0.001 |
|       genblk1[109].f |     0.006 |
|       genblk1[110].f |     0.005 |
|       genblk1[112].f |     0.001 |
|       genblk1[113].f |     0.001 |
|       genblk1[114].f |     0.004 |
|       genblk1[115].f |     0.007 |
|       genblk1[117].f |     0.002 |
|       genblk1[118].f |     0.002 |
|       genblk1[122].f |     0.002 |
|       genblk1[123].f |     0.002 |
|       genblk1[127].f |     0.003 |
|       genblk1[128].f |     0.001 |
|       genblk1[129].f |     0.001 |
|       genblk1[130].f |     0.001 |
|       genblk1[131].f |     0.001 |
|       genblk1[133].f |     0.003 |
|       genblk1[136].f |     0.034 |
|       genblk1[138].f |     0.056 |
|       genblk1[139].f |     1.646 |
|       genblk1[140].f |     0.001 |
|       genblk1[141].f |     0.005 |
|       genblk1[1].f   |     0.001 |
|       genblk1[2].f   |     0.001 |
|       genblk1[32].f  |     0.581 |
|       genblk1[33].f  |     0.325 |
|       genblk1[34].f  |     0.422 |
|       genblk1[35].f  |     0.127 |
|       genblk1[36].f  |     0.036 |
|       genblk1[37].f  |     0.016 |
|       genblk1[38].f  |     0.014 |
|       genblk1[39].f  |     0.045 |
|       genblk1[66].f  |     0.006 |
|       genblk1[67].f  |     0.004 |
|       genblk1[68].f  |     0.006 |
|       genblk1[69].f  |     0.002 |
|       genblk1[70].f  |     0.004 |
|       genblk1[71].f  |     0.004 |
|       genblk1[72].f  |     0.008 |
|       genblk1[73].f  |     0.002 |
|       genblk1[74].f  |     0.002 |
|       genblk1[75].f  |     0.001 |
|       genblk1[76].f  |     0.001 |
|       genblk1[77].f  |     0.004 |
|       genblk1[78].f  |     0.002 |
|       genblk1[80].f  |     0.002 |
|       genblk1[81].f  |     0.001 |
|       genblk1[82].f  |     0.004 |
|       genblk1[83].f  |     0.002 |
|       genblk1[85].f  |     0.001 |
|       genblk1[86].f  |     0.002 |
|       genblk1[90].f  |     0.001 |
|       genblk1[91].f  |     0.002 |
|       genblk1[95].f  |     0.003 |
|       genblk1[98].f  |     0.009 |
|       genblk1[99].f  |     0.004 |
|     ID_EX            |     1.048 |
|       genblk1[10].f  |     0.004 |
|       genblk1[11].f  |     0.003 |
|       genblk1[125].f |     0.002 |
|       genblk1[126].f |     0.002 |
|       genblk1[127].f |     0.003 |
|       genblk1[128].f |     0.010 |
|       genblk1[129].f |     0.006 |
|       genblk1[12].f  |     0.004 |
|       genblk1[130].f |     0.008 |
|       genblk1[131].f |     0.006 |
|       genblk1[137].f |     0.005 |
|       genblk1[13].f  |     0.009 |
|       genblk1[149].f |     0.001 |
|       genblk1[14].f  |     0.004 |
|       genblk1[150].f |     0.001 |
|       genblk1[155].f |     0.005 |
|       genblk1[15].f  |     0.002 |
|       genblk1[161].f |     0.001 |
|       genblk1[162].f |     0.001 |
|       genblk1[165].f |     0.002 |
|       genblk1[168].f |     0.001 |
|       genblk1[16].f  |     0.003 |
|       genblk1[171].f |     0.037 |
|       genblk1[172].f |     0.001 |
|       genblk1[173].f |     0.003 |
|       genblk1[174].f |     0.042 |
|       genblk1[175].f |     0.057 |
|       genblk1[176].f |     0.012 |
|       genblk1[177].f |     0.015 |
|       genblk1[178].f |     0.001 |
|       genblk1[179].f |     0.001 |
|       genblk1[17].f  |     0.002 |
|       genblk1[18].f  |     0.006 |
|       genblk1[19].f  |     0.008 |
|       genblk1[20].f  |     0.001 |
|       genblk1[21].f  |     0.002 |
|       genblk1[22].f  |     0.003 |
|       genblk1[26].f  |     0.003 |
|       genblk1[27].f  |     0.002 |
|       genblk1[2].f   |     0.012 |
|       genblk1[31].f  |     0.003 |
|       genblk1[33].f  |     0.001 |
|       genblk1[34].f  |     0.013 |
|       genblk1[35].f  |     0.009 |
|       genblk1[36].f  |     0.004 |
|       genblk1[37].f  |     0.002 |
|       genblk1[38].f  |     0.006 |
|       genblk1[39].f  |     0.006 |
|       genblk1[3].f   |     0.007 |
|       genblk1[40].f  |     0.009 |
|       genblk1[41].f  |     0.003 |
|       genblk1[42].f  |     0.004 |
|       genblk1[43].f  |     0.003 |
|       genblk1[44].f  |     0.002 |
|       genblk1[45].f  |     0.009 |
|       genblk1[46].f  |     0.003 |
|       genblk1[47].f  |     0.001 |
|       genblk1[48].f  |     0.003 |
|       genblk1[49].f  |     0.003 |
|       genblk1[4].f   |     0.004 |
|       genblk1[50].f  |     0.008 |
|       genblk1[51].f  |     0.003 |
|       genblk1[53].f  |     0.004 |
|       genblk1[54].f  |     0.002 |
|       genblk1[58].f  |     0.002 |
|       genblk1[59].f  |     0.002 |
|       genblk1[5].f   |     0.004 |
|       genblk1[63].f  |     0.002 |
|       genblk1[64].f  |     0.002 |
|       genblk1[65].f  |     0.035 |
|       genblk1[66].f  |     0.004 |
|       genblk1[67].f  |     0.542 |
|       genblk1[68].f  |     0.002 |
|       genblk1[6].f   |     0.009 |
|       genblk1[7].f   |     0.005 |
|       genblk1[8].f   |     0.004 |
|       genblk1[96].f  |     0.005 |
|       genblk1[97].f  |     0.001 |
|       genblk1[98].f  |     0.001 |
|       genblk1[99].f  |     0.001 |
|       genblk1[9].f   |     0.003 |
|     IF_ID            |     1.056 |
|       genblk1[10].f  |     0.003 |
|       genblk1[11].f  |     0.002 |
|       genblk1[12].f  |     0.002 |
|       genblk1[13].f  |     0.008 |
|       genblk1[14].f  |     0.004 |
|       genblk1[16].f  |     0.003 |
|       genblk1[17].f  |     0.001 |
|       genblk1[18].f  |     0.007 |
|       genblk1[19].f  |     0.004 |
|       genblk1[20].f  |     0.001 |
|       genblk1[21].f  |     0.002 |
|       genblk1[22].f  |     0.003 |
|       genblk1[26].f  |     0.003 |
|       genblk1[27].f  |     0.003 |
|       genblk1[2].f   |     0.006 |
|       genblk1[31].f  |     0.002 |
|       genblk1[34].f  |     0.171 |
|       genblk1[36].f  |     0.032 |
|       genblk1[37].f  |     0.032 |
|       genblk1[38].f  |     0.142 |
|       genblk1[39].f  |     0.001 |
|       genblk1[3].f   |     0.004 |
|       genblk1[40].f  |     0.001 |
|       genblk1[41].f  |     0.002 |
|       genblk1[42].f  |     0.002 |
|       genblk1[44].f  |     0.002 |
|       genblk1[45].f  |     0.008 |
|       genblk1[46].f  |     0.002 |
|       genblk1[47].f  |     0.025 |
|       genblk1[48].f  |     0.027 |
|       genblk1[49].f  |     0.027 |
|       genblk1[4].f   |     0.004 |
|       genblk1[50].f  |     0.149 |
|       genblk1[52].f  |     0.003 |
|       genblk1[53].f  |     0.006 |
|       genblk1[54].f  |     0.024 |
|       genblk1[55].f  |     0.009 |
|       genblk1[5].f   |     0.005 |
|       genblk1[62].f  |     0.003 |
|       genblk1[63].f  |     0.135 |
|       genblk1[66].f  |     0.014 |
|       genblk1[67].f  |     0.008 |
|       genblk1[68].f  |     0.008 |
|       genblk1[69].f  |     0.001 |
|       genblk1[6].f   |     0.008 |
|       genblk1[70].f  |     0.084 |
|       genblk1[71].f  |     0.004 |
|       genblk1[72].f  |     0.004 |
|       genblk1[73].f  |     0.003 |
|       genblk1[74].f  |     0.003 |
|       genblk1[75].f  |     0.001 |
|       genblk1[76].f  |     0.001 |
|       genblk1[77].f  |     0.004 |
|       genblk1[78].f  |     0.002 |
|       genblk1[79].f  |     0.002 |
|       genblk1[7].f   |     0.007 |
|       genblk1[80].f  |     0.001 |
|       genblk1[81].f  |     0.001 |
|       genblk1[82].f  |     0.004 |
|       genblk1[83].f  |     0.002 |
|       genblk1[85].f  |     0.003 |
|       genblk1[86].f  |     0.001 |
|       genblk1[8].f   |     0.006 |
|       genblk1[90].f  |     0.001 |
|       genblk1[91].f  |     0.001 |
|       genblk1[95].f  |     0.002 |
|       genblk1[9].f   |     0.004 |
|     MEM_WB           |     0.151 |
|       genblk1[0].f   |     0.001 |
|       genblk1[1].f   |     0.001 |
|       genblk1[2].f   |     0.002 |
|       genblk1[32].f  |     0.007 |
|       genblk1[33].f  |     0.006 |
|       genblk1[34].f  |     0.008 |
|       genblk1[35].f  |     0.006 |
|       genblk1[37].f  |     0.105 |
|       genblk1[3].f   |     0.001 |
|     OffsetPCMux      |     0.205 |
|     PC               |     1.004 |
|       genblk1[10].f  |     0.018 |
|       genblk1[11].f  |     0.005 |
|       genblk1[12].f  |     0.025 |
|       genblk1[13].f  |     0.030 |
|       genblk1[14].f  |     0.020 |
|       genblk1[15].f  |     0.012 |
|       genblk1[16].f  |     0.005 |
|       genblk1[17].f  |     0.020 |
|       genblk1[18].f  |     0.030 |
|       genblk1[19].f  |     0.019 |
|       genblk1[20].f  |     0.010 |
|       genblk1[21].f  |     0.004 |
|       genblk1[22].f  |     0.008 |
|       genblk1[24].f  |     0.005 |
|       genblk1[25].f  |     0.004 |
|       genblk1[26].f  |     0.004 |
|       genblk1[27].f  |     0.013 |
|       genblk1[29].f  |     0.006 |
|       genblk1[2].f   |     0.272 |
|       genblk1[31].f  |     0.003 |
|       genblk1[3].f   |     0.137 |
|       genblk1[4].f   |     0.078 |
|       genblk1[5].f   |     0.058 |
|       genblk1[6].f   |     0.071 |
|       genblk1[7].f   |     0.062 |
|       genblk1[8].f   |     0.032 |
|       genblk1[9].f   |     0.052 |
|     aluSrcBMux       |     0.019 |
|     dmem             |     5.499 |
|     imem             |     0.765 |
|     pcSrcMux         |     0.093 |
|     regWsrcMux1      |     0.113 |
|     rf               |     0.361 |
|       genblk1[11].ri |     0.043 |
|       genblk1[15].ri |     0.054 |
|       genblk1[19].ri |     0.039 |
|       genblk1[23].ri |     0.036 |
|       genblk1[27].ri |     0.066 |
|       genblk1[31].ri |     0.035 |
|       genblk1[3].ri  |     0.046 |
|       genblk1[7].ri  |     0.043 |
|     shamtMux         |     0.033 |
|   sd                 |     0.770 |
+----------------------+-----------+


